[15-Mar-2017 09:49:29 UTC] PHP Fatal error:  Class 'app\controllers\EntryForm' not found in /home/ubuntu/workspace/basic/controllers/SiteController.php on line 133
[15-Mar-2017 09:49:29 UTC] PHP Stack trace:
[15-Mar-2017 09:49:29 UTC] PHP   1. {main}() /home/ubuntu/workspace/basic/web/index.php:0
[15-Mar-2017 09:49:29 UTC] PHP   2. yii\base\Application->run() /home/ubuntu/workspace/basic/web/index.php:12
[15-Mar-2017 09:49:29 UTC] PHP   3. yii\web\Application->handleRequest() /home/ubuntu/workspace/basic/vendor/yiisoft/yii2/base/Application.php:380
[15-Mar-2017 09:49:29 UTC] PHP   4. yii\base\Module->runAction() /home/ubuntu/workspace/basic/vendor/yiisoft/yii2/web/Application.php:102
[15-Mar-2017 09:49:29 UTC] PHP   5. yii\base\Controller->runAction() /home/ubuntu/workspace/basic/vendor/yiisoft/yii2/base/Module.php:523
[15-Mar-2017 09:49:29 UTC] PHP   6. yii\base\InlineAction->runWithParams() /home/ubuntu/workspace/basic/vendor/yiisoft/yii2/base/Controller.php:156
[15-Mar-2017 09:49:29 UTC] PHP   7. call_user_func_array:{/home/ubuntu/workspace/basic/vendor/yiisoft/yii2/base/InlineAction.php:57}() /home/ubuntu/workspace/basic/vendor/yiisoft/yii2/base/InlineAction.php:57
[15-Mar-2017 09:49:29 UTC] PHP   8. app\controllers\SiteController->actionEntry() /home/ubuntu/workspace/basic/vendor/yiisoft/yii2/base/InlineAction.php:57
[15-Mar-2017 09:52:44 UTC] PHP Fatal error:  Class 'app\controllers\EntryForm' not found in /home/ubuntu/workspace/basic/controllers/SiteController.php on line 133
[15-Mar-2017 09:52:44 UTC] PHP Stack trace:
[15-Mar-2017 09:52:44 UTC] PHP   1. {main}() /home/ubuntu/workspace/basic/web/index.php:0
[15-Mar-2017 09:52:44 UTC] PHP   2. yii\base\Application->run() /home/ubuntu/workspace/basic/web/index.php:12
[15-Mar-2017 09:52:44 UTC] PHP   3. yii\web\Application->handleRequest() /home/ubuntu/workspace/basic/vendor/yiisoft/yii2/base/Application.php:380
[15-Mar-2017 09:52:44 UTC] PHP   4. yii\base\Module->runAction() /home/ubuntu/workspace/basic/vendor/yiisoft/yii2/web/Application.php:102
[15-Mar-2017 09:52:44 UTC] PHP   5. yii\base\Controller->runAction() /home/ubuntu/workspace/basic/vendor/yiisoft/yii2/base/Module.php:523
[15-Mar-2017 09:52:44 UTC] PHP   6. yii\base\InlineAction->runWithParams() /home/ubuntu/workspace/basic/vendor/yiisoft/yii2/base/Controller.php:156
[15-Mar-2017 09:52:44 UTC] PHP   7. call_user_func_array:{/home/ubuntu/workspace/basic/vendor/yiisoft/yii2/base/InlineAction.php:57}() /home/ubuntu/workspace/basic/vendor/yiisoft/yii2/base/InlineAction.php:57
[15-Mar-2017 09:52:44 UTC] PHP   8. app\controllers\SiteController->actionEntry() /home/ubuntu/workspace/basic/vendor/yiisoft/yii2/base/InlineAction.php:57
[15-Mar-2017 09:52:48 UTC] PHP Fatal error:  Class 'app\controllers\EntryForm' not found in /home/ubuntu/workspace/basic/controllers/SiteController.php on line 133
[15-Mar-2017 09:52:48 UTC] PHP Stack trace:
[15-Mar-2017 09:52:48 UTC] PHP   1. {main}() /home/ubuntu/workspace/basic/web/index.php:0
[15-Mar-2017 09:52:48 UTC] PHP   2. yii\base\Application->run() /home/ubuntu/workspace/basic/web/index.php:12
[15-Mar-2017 09:52:48 UTC] PHP   3. yii\web\Application->handleRequest() /home/ubuntu/workspace/basic/vendor/yiisoft/yii2/base/Application.php:380
[15-Mar-2017 09:52:48 UTC] PHP   4. yii\base\Module->runAction() /home/ubuntu/workspace/basic/vendor/yiisoft/yii2/web/Application.php:102
[15-Mar-2017 09:52:48 UTC] PHP   5. yii\base\Controller->runAction() /home/ubuntu/workspace/basic/vendor/yiisoft/yii2/base/Module.php:523
[15-Mar-2017 09:52:48 UTC] PHP   6. yii\base\InlineAction->runWithParams() /home/ubuntu/workspace/basic/vendor/yiisoft/yii2/base/Controller.php:156
[15-Mar-2017 09:52:48 UTC] PHP   7. call_user_func_array:{/home/ubuntu/workspace/basic/vendor/yiisoft/yii2/base/InlineAction.php:57}() /home/ubuntu/workspace/basic/vendor/yiisoft/yii2/base/InlineAction.php:57
[15-Mar-2017 09:52:48 UTC] PHP   8. app\controllers\SiteController->actionEntry() /home/ubuntu/workspace/basic/vendor/yiisoft/yii2/base/InlineAction.php:57
[15-Mar-2017 10:02:44 UTC] PHP Fatal error:  Class 'app\controllers\EntryForm' not found in /home/ubuntu/workspace/basic/controllers/SiteController.php on line 133
[15-Mar-2017 10:02:44 UTC] PHP Stack trace:
[15-Mar-2017 10:02:44 UTC] PHP   1. {main}() /home/ubuntu/workspace/basic/web/index.php:0
[15-Mar-2017 10:02:44 UTC] PHP   2. yii\base\Application->run() /home/ubuntu/workspace/basic/web/index.php:12
[15-Mar-2017 10:02:44 UTC] PHP   3. yii\web\Application->handleRequest() /home/ubuntu/workspace/basic/vendor/yiisoft/yii2/base/Application.php:380
[15-Mar-2017 10:02:44 UTC] PHP   4. yii\base\Module->runAction() /home/ubuntu/workspace/basic/vendor/yiisoft/yii2/web/Application.php:102
[15-Mar-2017 10:02:44 UTC] PHP   5. yii\base\Controller->runAction() /home/ubuntu/workspace/basic/vendor/yiisoft/yii2/base/Module.php:523
[15-Mar-2017 10:02:44 UTC] PHP   6. yii\base\InlineAction->runWithParams() /home/ubuntu/workspace/basic/vendor/yiisoft/yii2/base/Controller.php:156
[15-Mar-2017 10:02:44 UTC] PHP   7. call_user_func_array:{/home/ubuntu/workspace/basic/vendor/yiisoft/yii2/base/InlineAction.php:57}() /home/ubuntu/workspace/basic/vendor/yiisoft/yii2/base/InlineAction.php:57
[15-Mar-2017 10:02:44 UTC] PHP   8. app\controllers\SiteController->actionEntry() /home/ubuntu/workspace/basic/vendor/yiisoft/yii2/base/InlineAction.php:57
[15-Mar-2017 10:03:17 UTC] PHP Fatal error:  Class 'app\controllers\EntryForm' not found in /home/ubuntu/workspace/basic/controllers/SiteController.php on line 133
[15-Mar-2017 10:03:17 UTC] PHP Stack trace:
[15-Mar-2017 10:03:17 UTC] PHP   1. {main}() /home/ubuntu/workspace/basic/web/index.php:0
[15-Mar-2017 10:03:17 UTC] PHP   2. yii\base\Application->run() /home/ubuntu/workspace/basic/web/index.php:12
[15-Mar-2017 10:03:17 UTC] PHP   3. yii\web\Application->handleRequest() /home/ubuntu/workspace/basic/vendor/yiisoft/yii2/base/Application.php:380
[15-Mar-2017 10:03:17 UTC] PHP   4. yii\base\Module->runAction() /home/ubuntu/workspace/basic/vendor/yiisoft/yii2/web/Application.php:102
[15-Mar-2017 10:03:17 UTC] PHP   5. yii\base\Controller->runAction() /home/ubuntu/workspace/basic/vendor/yiisoft/yii2/base/Module.php:523
[15-Mar-2017 10:03:17 UTC] PHP   6. yii\base\InlineAction->runWithParams() /home/ubuntu/workspace/basic/vendor/yiisoft/yii2/base/Controller.php:156
[15-Mar-2017 10:03:17 UTC] PHP   7. call_user_func_array:{/home/ubuntu/workspace/basic/vendor/yiisoft/yii2/base/InlineAction.php:57}() /home/ubuntu/workspace/basic/vendor/yiisoft/yii2/base/InlineAction.php:57
[15-Mar-2017 10:03:17 UTC] PHP   8. app\controllers\SiteController->actionEntry() /home/ubuntu/workspace/basic/vendor/yiisoft/yii2/base/InlineAction.php:57
